<?xml version="1.0" encoding="UTF-8"?>
<testng-results ignored="0" total="2" passed="2" failed="0" skipped="0">
  <reporter-output>
  </reporter-output>
  <suite started-at="2020-09-04T13:27:12Z" name="Default suite" finished-at="2020-09-04T13:27:12Z" duration-ms="44">
    <groups>
    </groups>
    <test started-at="2020-09-04T13:27:12Z" name="Default test" finished-at="2020-09-04T13:27:12Z" duration-ms="44">
      <class name="com.test.TestNGBasics">
        <test-method is-config="true" signature="setup()[pri:0, instance:com.test.TestNGBasics@6b419da]" started-at="2020-09-04T13:27:12Z" name="setup" finished-at="2020-09-04T13:27:12Z" duration-ms="16" status="PASS">
          <reporter-output>
          </reporter-output>
        </test-method> <!-- setup -->
        <test-method is-config="true" signature="userlogin()[pri:0, instance:com.test.TestNGBasics@6b419da]" started-at="2020-09-04T13:27:12Z" name="userlogin" finished-at="2020-09-04T13:27:12Z" duration-ms="0" status="PASS">
          <reporter-output>
          </reporter-output>
        </test-method> <!-- userlogin -->
        <test-method is-config="true" signature="launchBrowser()[pri:0, instance:com.test.TestNGBasics@6b419da]" started-at="2020-09-04T13:27:12Z" name="launchBrowser" finished-at="2020-09-04T13:27:12Z" duration-ms="1" status="PASS">
          <reporter-output>
          </reporter-output>
        </test-method> <!-- launchBrowser -->
        <test-method signature="googleTitleTest()[pri:0, instance:com.test.TestNGBasics@6b419da]" started-at="2020-09-04T13:27:12Z" name="googleTitleTest" finished-at="2020-09-04T13:27:12Z" duration-ms="7" status="PASS">
          <reporter-output>
          </reporter-output>
        </test-method> <!-- googleTitleTest -->
        <test-method is-config="true" signature="hitURL()[pri:0, instance:com.test.TestNGBasics@6b419da]" started-at="2020-09-04T13:27:12Z" name="hitURL" finished-at="2020-09-04T13:27:12Z" duration-ms="0" status="PASS">
          <reporter-output>
          </reporter-output>
        </test-method> <!-- hitURL -->
        <test-method is-config="true" signature="logout()[pri:0, instance:com.test.TestNGBasics@6b419da]" started-at="2020-09-04T13:27:12Z" name="logout" finished-at="2020-09-04T13:27:12Z" duration-ms="0" status="PASS">
          <reporter-output>
          </reporter-output>
        </test-method> <!-- logout -->
        <test-method signature="searchTest()[pri:0, instance:com.test.TestNGBasics@6b419da]" started-at="2020-09-04T13:27:12Z" name="searchTest" finished-at="2020-09-04T13:27:12Z" duration-ms="2" status="PASS">
          <reporter-output>
          </reporter-output>
        </test-method> <!-- searchTest -->
        <test-method is-config="true" signature="hitURL()[pri:0, instance:com.test.TestNGBasics@6b419da]" started-at="2020-09-04T13:27:12Z" name="hitURL" finished-at="2020-09-04T13:27:12Z" duration-ms="0" status="PASS">
          <reporter-output>
          </reporter-output>
        </test-method> <!-- hitURL -->
        <test-method is-config="true" signature="logout()[pri:0, instance:com.test.TestNGBasics@6b419da]" started-at="2020-09-04T13:27:12Z" name="logout" finished-at="2020-09-04T13:27:12Z" duration-ms="1" status="PASS">
          <reporter-output>
          </reporter-output>
        </test-method> <!-- logout -->
        <test-method is-config="true" signature="DeleteCookies()[pri:0, instance:com.test.TestNGBasics@6b419da]" started-at="2020-09-04T13:27:12Z" name="DeleteCookies" finished-at="2020-09-04T13:27:12Z" duration-ms="1" status="PASS">
          <reporter-output>
          </reporter-output>
        </test-method> <!-- DeleteCookies -->
        <test-method is-config="true" signature="CloseBrowser()[pri:0, instance:com.test.TestNGBasics@6b419da]" started-at="2020-09-04T13:27:12Z" name="CloseBrowser" finished-at="2020-09-04T13:27:12Z" duration-ms="0" status="PASS">
          <reporter-output>
          </reporter-output>
        </test-method> <!-- CloseBrowser -->
      </class> <!-- com.test.TestNGBasics -->
    </test> <!-- Default test -->
  </suite> <!-- Default suite -->
</testng-results>
